<?xml version="1.0" encoding="UTF-8"?>
<robot generator="Robot 7.2.2 (Python 3.11.1 on win32)" generated="2025-04-03T15:36:13.272630" rpa="false" schemaversion="5">
<suite id="s1" name="Template-Selenium-Robotframework" source="C:\template-selenium-robotframework">
<suite id="s1-s1" name="Tests" source="C:\template-selenium-robotframework\tests">
<suite id="s1-s1-s1" name="Login Test" source="C:\template-selenium-robotframework\tests\login_test.robot">
<test id="s1-s1-s1-t1" name="Teste de Login Válido" line="11">
<kw name="Configurar Navegador" owner="browser_setup" type="SETUP">
<kw name="Get Driver" owner="setup_webdriver">
<msg time="2025-04-03T15:36:13.572936" level="INFO">====== WebDriver manager ======</msg>
<msg time="2025-04-03T15:36:14.343588" level="INFO">Get LATEST chromedriver version for google-chrome</msg>
<msg time="2025-04-03T15:36:14.405292" level="INFO">Get LATEST chromedriver version for google-chrome</msg>
<msg time="2025-04-03T15:36:14.433144" level="INFO">There is no [win64] chromedriver "134.0.6998.165" for browser google-chrome "134.0.6998" in cache</msg>
<msg time="2025-04-03T15:36:14.433144" level="INFO">Get LATEST chromedriver version for google-chrome</msg>
<msg time="2025-04-03T15:36:14.520994" level="INFO">WebDriver version 134.0.6998.165 selected</msg>
<msg time="2025-04-03T15:36:14.537011" level="INFO">Modern chrome version https://storage.googleapis.com/chrome-for-testing-public/134.0.6998.165/win32/chromedriver-win32.zip</msg>
<msg time="2025-04-03T15:36:14.537011" level="INFO">About to download new driver from https://storage.googleapis.com/chrome-for-testing-public/134.0.6998.165/win32/chromedriver-win32.zip</msg>
<msg time="2025-04-03T15:36:14.632777" level="INFO">Driver downloading response is 200</msg>
<msg time="2025-04-03T15:36:15.031825" level="INFO">Get LATEST chromedriver version for google-chrome</msg>
<msg time="2025-04-03T15:36:15.167049" level="INFO">Driver has been saved in cache [C:\Users\bianc\.wdm\drivers\chromedriver\win64\134.0.6998.165]</msg>
<msg time="2025-04-03T15:36:16.573692" level="INFO">${driver} = &lt;selenium.webdriver.chrome.webdriver.WebDriver (session="5ac6898f63a0ae8b4dfefdf9e528b9f4")&gt;</msg>
<var>${driver}</var>
<arg>${browser}</arg>
<doc>Configura e retorna um WebDriver compatível com a versão instalada do navegador.</doc>
<status status="PASS" start="2025-04-03T15:36:13.572936" elapsed="3.000756"/>
</kw>
<kw name="Open Browser" owner="SeleniumLibrary">
<msg time="2025-04-03T15:36:16.574700" level="INFO">Opening browser '&lt;selenium.webdriver.chrome.webdriver.WebDriver (session="5ac6898f63a0ae8b4dfefdf9e528b9f4")&gt;' to base url 'https://magento.softwaretestingboard.com/'.</msg>
<msg time="2025-04-03T15:36:16.575692" level="INFO">Cannot capture screenshot because no browser is open.</msg>
<msg time="2025-04-03T15:36:16.575692" level="FAIL">ValueError: &lt;selenium.webdriver.chrome.webdriver.webdriver(session="5ac6898f63a0ae8b4dfefdf9e528b9f4")&gt; is not a supported browser.</msg>
<arg>${URL}</arg>
<arg>browser=${driver}</arg>
<doc>Opens a new browser instance to the optional ``url``.</doc>
<status status="FAIL" start="2025-04-03T15:36:16.574700" elapsed="0.003944">ValueError: &lt;selenium.webdriver.chrome.webdriver.webdriver(session="5ac6898f63a0ae8b4dfefdf9e528b9f4")&gt; is not a supported browser.</status>
</kw>
<arg>${BROWSER}</arg>
<status status="FAIL" start="2025-04-03T15:36:13.572936" elapsed="3.005708">ValueError: &lt;selenium.webdriver.chrome.webdriver.webdriver(session="5ac6898f63a0ae8b4dfefdf9e528b9f4")&gt; is not a supported browser.</status>
</kw>
<kw name="Close Browser" owner="SeleniumLibrary" type="TEARDOWN">
<doc>Closes the current browser.</doc>
<status status="PASS" start="2025-04-03T15:36:16.578644" elapsed="0.000000"/>
</kw>
<status status="FAIL" start="2025-04-03T15:36:13.572936" elapsed="3.005708">Setup failed:
ValueError: &lt;selenium.webdriver.chrome.webdriver.webdriver(session="5ac6898f63a0ae8b4dfefdf9e528b9f4")&gt; is not a supported browser.</status>
</test>
<status status="FAIL" start="2025-04-03T15:36:13.303603" elapsed="3.275041"/>
</suite>
<status status="FAIL" start="2025-04-03T15:36:13.299965" elapsed="3.284977"/>
</suite>
<status status="FAIL" start="2025-04-03T15:36:13.279143" elapsed="3.307800"/>
</suite>
<statistics>
<total>
<stat pass="0" fail="1" skip="0">All Tests</stat>
</total>
<tag>
</tag>
<suite>
<stat name="Template-Selenium-Robotframework" id="s1" pass="0" fail="1" skip="0">Template-Selenium-Robotframework</stat>
<stat name="Tests" id="s1-s1" pass="0" fail="1" skip="0">Template-Selenium-Robotframework.Tests</stat>
<stat name="Login Test" id="s1-s1-s1" pass="0" fail="1" skip="0">Template-Selenium-Robotframework.Tests.Login Test</stat>
</suite>
</statistics>
<errors>
</errors>
</robot>
